# JRE version: OpenJDK Runtime Environment Temurin-21.0.8+9 (21.0.8+9) (build 21.0.8+9-LTS)
# Java VM: OpenJDK 64-Bit Server VM Temurin-21.0.8+9 (21.0.8+9-LTS, mixed mode, sharing, tiered, compressed oops, compressed class ptrs, parallel gc, windows-amd64)
GC Precious Log:
 CardTable entry size: 512
 CPUs: 8 total, 8 available
 Memory: 8023M
 Large Page Support: Disabled
 NUMA Support: Disabled
 Compressed Oops: Enabled (32-bit)
 Alignments: Space 512K, Generation 512K, Heap 2M
 Heap Min Capacity: 100M
 Heap Initial Capacity: 100M
 Heap Max Capacity: 2G
 Pre-touch: Disabled
 Parallel Workers: 8
Heap:
 PSYoungGen      total 17920K, used 7795K [0x00000000d5580000, 0x00000000d6f00000, 0x0000000100000000)
  eden space 16384K, 38% used [0x00000000d5580000,0x00000000d5ba4e38,0x00000000d6580000)
  from space 1536K, 97% used [0x00000000d6980000,0x00000000d6af8010,0x00000000d6b00000)
  to   space 4096K, 0% used [0x00000000d6580000,0x00000000d6580000,0x00000000d6980000)
 ParOldGen       total 68608K, used 52854K [0x0000000080000000, 0x0000000084300000, 0x00000000d5580000)
  object space 68608K, 77% used [0x0000000080000000,0x000000008339d950,0x0000000084300000)
 Metaspace       used 47958K, committed 49152K, reserved 1114112K
  class space    used 5132K, committed 5632K, reserved 1048576K
GC Heap History (20 events):
Event: 20.716 GC heap before
{Heap before GC invocations=26 (full 2):
 PSYoungGen      total 22016K, used 21600K [0x00000000d5580000, 0x00000000d6e80000, 0x0000000100000000)
  eden space 19456K, 100% used [0x00000000d5580000,0x00000000d6880000,0x00000000d6880000)
  from space 2560K, 83% used [0x00000000d6880000,0x00000000d6a98000,0x00000000d6b00000)
  to   space 3072K, 0% used [0x00000000d6b80000,0x00000000d6b80000,0x00000000d6e80000)
 ParOldGen       total 68608K, used 31998K [0x0000000080000000, 0x0000000084300000, 0x00000000d5580000)
  object space 68608K, 46% used [0x0000000080000000,0x0000000081f3f8d0,0x0000000084300000)
 Metaspace       used 47168K, committed 48448K, reserved 1114112K
  class space    used 5081K, committed 5632K, reserved 1048576K
}
Event: 20.725 GC heap after
{Heap after GC invocations=26 (full 2):
 PSYoungGen      total 21504K, used 2047K [0x00000000d5580000, 0x00000000d6d80000, 0x0000000100000000)
  eden space 19456K, 0% used [0x00000000d5580000,0x00000000d5580000,0x00000000d6880000)
  from space 2048K, 99% used [0x00000000d6b80000,0x00000000d6d7fc08,0x00000000d6d80000)
  to   space 2560K, 0% used [0x00000000d6880000,0x00000000d6880000,0x00000000d6b00000)
 ParOldGen       total 68608K, used 33930K [0x0000000080000000, 0x0000000084300000, 0x00000000d5580000)
  object space 68608K, 49% used [0x0000000080000000,0x00000000821228f0,0x0000000084300000)
 Metaspace       used 47168K, committed 48448K, reserved 1114112K
  class space    used 5081K, committed 5632K, reserved 1048576K
}
Event: 20.948 GC heap before
{Heap before GC invocations=27 (full 2):
 PSYoungGen      total 21504K, used 21503K [0x00000000d5580000, 0x00000000d6d80000, 0x0000000100000000)
  eden space 19456K, 100% used [0x00000000d5580000,0x00000000d6880000,0x00000000d6880000)
  from space 2048K, 99% used [0x00000000d6b80000,0x00000000d6d7fc08,0x00000000d6d80000)
  to   space 2560K, 0% used [0x00000000d6880000,0x00000000d6880000,0x00000000d6b00000)
 ParOldGen       total 68608K, used 33930K [0x0000000080000000, 0x0000000084300000, 0x00000000d5580000)
  object space 68608K, 49% used [0x0000000080000000,0x00000000821228f0,0x0000000084300000)
 Metaspace       used 47187K, committed 48448K, reserved 1114112K
  class space    used 5082K, committed 5632K, reserved 1048576K
}
Event: 20.954 GC heap after
{Heap after GC invocations=27 (full 2):
 PSYoungGen      total 22016K, used 2112K [0x00000000d5580000, 0x00000000d6d80000, 0x0000000100000000)
  eden space 19456K, 0% used [0x00000000d5580000,0x00000000d5580000,0x00000000d6880000)
  from space 2560K, 82% used [0x00000000d6880000,0x00000000d6a90010,0x00000000d6b00000)
  to   space 2560K, 0% used [0x00000000d6b00000,0x00000000d6b00000,0x00000000d6d80000)
 ParOldGen       total 68608K, used 35802K [0x0000000080000000, 0x0000000084300000, 0x00000000d5580000)
  object space 68608K, 52% used [0x0000000080000000,0x00000000822f68c0,0x0000000084300000)
 Metaspace       used 47187K, committed 48448K, reserved 1114112K
  class space    used 5082K, committed 5632K, reserved 1048576K
}
Event: 21.026 GC heap before
{Heap before GC invocations=28 (full 2):
 PSYoungGen      total 22016K, used 21568K [0x00000000d5580000, 0x00000000d6d80000, 0x0000000100000000)
  eden space 19456K, 100% used [0x00000000d5580000,0x00000000d6880000,0x00000000d6880000)
  from space 2560K, 82% used [0x00000000d6880000,0x00000000d6a90010,0x00000000d6b00000)
  to   space 2560K, 0% used [0x00000000d6b00000,0x00000000d6b00000,0x00000000d6d80000)
 ParOldGen       total 68608K, used 35802K [0x0000000080000000, 0x0000000084300000, 0x00000000d5580000)
  object space 68608K, 52% used [0x0000000080000000,0x00000000822f68c0,0x0000000084300000)
 Metaspace       used 47236K, committed 48512K, reserved 1114112K
  class space    used 5082K, committed 5632K, reserved 1048576K
}
Event: 21.032 GC heap after
{Heap after GC invocations=28 (full 2):
 PSYoungGen      total 21504K, used 1976K [0x00000000d5580000, 0x00000000d6d00000, 0x0000000100000000)
  eden space 19456K, 0% used [0x00000000d5580000,0x00000000d5580000,0x00000000d6880000)
  from space 2048K, 96% used [0x00000000d6b00000,0x00000000d6cee200,0x00000000d6d00000)
  to   space 2048K, 0% used [0x00000000d6900000,0x00000000d6900000,0x00000000d6b00000)
 ParOldGen       total 68608K, used 37830K [0x0000000080000000, 0x0000000084300000, 0x00000000d5580000)
  object space 68608K, 55% used [0x0000000080000000,0x00000000824f1988,0x0000000084300000)
 Metaspace       used 47236K, committed 48512K, reserved 1114112K
  class space    used 5082K, committed 5632K, reserved 1048576K
}
Event: 21.426 GC heap before
{Heap before GC invocations=29 (full 2):
 PSYoungGen      total 21504K, used 21432K [0x00000000d5580000, 0x00000000d6d00000, 0x0000000100000000)
  eden space 19456K, 100% used [0x00000000d5580000,0x00000000d6880000,0x00000000d6880000)
  from space 2048K, 96% used [0x00000000d6b00000,0x00000000d6cee200,0x00000000d6d00000)
  to   space 2048K, 0% used [0x00000000d6900000,0x00000000d6900000,0x00000000d6b00000)
 ParOldGen       total 68608K, used 37830K [0x0000000080000000, 0x0000000084300000, 0x00000000d5580000)
  object space 68608K, 55% used [0x0000000080000000,0x00000000824f1988,0x0000000084300000)
 Metaspace       used 47663K, committed 48960K, reserved 1114112K
  class space    used 5115K, committed 5632K, reserved 1048576K
}
Event: 21.437 GC heap after
{Heap after GC invocations=29 (full 2):
 PSYoungGen      total 21504K, used 1718K [0x00000000d5580000, 0x00000000d6c80000, 0x0000000100000000)
  eden space 19456K, 0% used [0x00000000d5580000,0x00000000d5580000,0x00000000d6880000)
  from space 2048K, 83% used [0x00000000d6900000,0x00000000d6aad808,0x00000000d6b00000)
  to   space 1536K, 0% used [0x00000000d6b00000,0x00000000d6b00000,0x00000000d6c80000)
 ParOldGen       total 68608K, used 39705K [0x0000000080000000, 0x0000000084300000, 0x00000000d5580000)
  object space 68608K, 57% used [0x0000000080000000,0x00000000826c6530,0x0000000084300000)
 Metaspace       used 47663K, committed 48960K, reserved 1114112K
  class space    used 5115K, committed 5632K, reserved 1048576K
}
Event: 21.702 GC heap before
{Heap before GC invocations=30 (full 2):
 PSYoungGen      total 21504K, used 21174K [0x00000000d5580000, 0x00000000d6c80000, 0x0000000100000000)
  eden space 19456K, 100% used [0x00000000d5580000,0x00000000d6880000,0x00000000d6880000)
  from space 2048K, 83% used [0x00000000d6900000,0x00000000d6aad808,0x00000000d6b00000)
  to   space 1536K, 0% used [0x00000000d6b00000,0x00000000d6b00000,0x00000000d6c80000)
 ParOldGen       total 68608K, used 39705K [0x0000000080000000, 0x0000000084300000, 0x00000000d5580000)
  object space 68608K, 57% used [0x0000000080000000,0x00000000826c6530,0x0000000084300000)
 Metaspace       used 47764K, committed 49024K, reserved 1114112K
  class space    used 5116K, committed 5632K, reserved 1048576K
}
Event: 21.709 GC heap after
{Heap after GC invocations=30 (full 2):
 PSYoungGen      total 19456K, used 1521K [0x00000000d5580000, 0x00000000d7080000, 0x0000000100000000)
  eden space 17920K, 0% used [0x00000000d5580000,0x00000000d5580000,0x00000000d6700000)
  from space 1536K, 99% used [0x00000000d6b00000,0x00000000d6c7c6e8,0x00000000d6c80000)
  to   space 4096K, 0% used [0x00000000d6700000,0x00000000d6700000,0x00000000d6b00000)
 ParOldGen       total 68608K, used 41804K [0x0000000080000000, 0x0000000084300000, 0x00000000d5580000)
  object space 68608K, 60% used [0x0000000080000000,0x00000000828d30c8,0x0000000084300000)
 Metaspace       used 47764K, committed 49024K, reserved 1114112K
  class space    used 5116K, committed 5632K, reserved 1048576K
}
Event: 21.808 GC heap before
{Heap before GC invocations=31 (full 2):
 PSYoungGen      total 19456K, used 19441K [0x00000000d5580000, 0x00000000d7080000, 0x0000000100000000)
  eden space 17920K, 100% used [0x00000000d5580000,0x00000000d6700000,0x00000000d6700000)
  from space 1536K, 99% used [0x00000000d6b00000,0x00000000d6c7c6e8,0x00000000d6c80000)
  to   space 4096K, 0% used [0x00000000d6700000,0x00000000d6700000,0x00000000d6b00000)
 ParOldGen       total 68608K, used 41804K [0x0000000080000000, 0x0000000084300000, 0x00000000d5580000)
  object space 68608K, 60% used [0x0000000080000000,0x00000000828d30c8,0x0000000084300000)
 Metaspace       used 47797K, committed 49088K, reserved 1114112K
  class space    used 5116K, committed 5632K, reserved 1048576K
}
Event: 21.815 GC heap after
{Heap after GC invocations=31 (full 2):
 PSYoungGen      total 20480K, used 2203K [0x00000000d5580000, 0x00000000d6d00000, 0x0000000100000000)
  eden space 17920K, 0% used [0x00000000d5580000,0x00000000d5580000,0x00000000d6700000)
  from space 2560K, 86% used [0x00000000d6700000,0x00000000d6926c10,0x00000000d6980000)
  to   space 3072K, 0% used [0x00000000d6a00000,0x00000000d6a00000,0x00000000d6d00000)
 ParOldGen       total 68608K, used 43339K [0x0000000080000000, 0x0000000084300000, 0x00000000d5580000)
  object space 68608K, 63% used [0x0000000080000000,0x0000000082a52c20,0x0000000084300000)
 Metaspace       used 47797K, committed 49088K, reserved 1114112K
  class space    used 5116K, committed 5632K, reserved 1048576K
}
Event: 21.886 GC heap before
{Heap before GC invocations=32 (full 2):
 PSYoungGen      total 20480K, used 20123K [0x00000000d5580000, 0x00000000d6d00000, 0x0000000100000000)
  eden space 17920K, 100% used [0x00000000d5580000,0x00000000d6700000,0x00000000d6700000)
  from space 2560K, 86% used [0x00000000d6700000,0x00000000d6926c10,0x00000000d6980000)
  to   space 3072K, 0% used [0x00000000d6a00000,0x00000000d6a00000,0x00000000d6d00000)
 ParOldGen       total 68608K, used 43339K [0x0000000080000000, 0x0000000084300000, 0x00000000d5580000)
  object space 68608K, 63% used [0x0000000080000000,0x0000000082a52c20,0x0000000084300000)
 Metaspace       used 47898K, committed 49152K, reserved 1114112K
  class space    used 5129K, committed 5632K, reserved 1048576K
}
Event: 21.890 GC heap after
{Heap after GC invocations=32 (full 2):
 PSYoungGen      total 20480K, used 2422K [0x00000000d5580000, 0x00000000d6c80000, 0x0000000100000000)
  eden space 17920K, 0% used [0x00000000d5580000,0x00000000d5580000,0x00000000d6700000)
  from space 2560K, 94% used [0x00000000d6a00000,0x00000000d6c5d800,0x00000000d6c80000)
  to   space 2560K, 0% used [0x00000000d6700000,0x00000000d6700000,0x00000000d6980000)
 ParOldGen       total 68608K, used 45354K [0x0000000080000000, 0x0000000084300000, 0x00000000d5580000)
  object space 68608K, 66% used [0x0000000080000000,0x0000000082c4a8d8,0x0000000084300000)
 Metaspace       used 47898K, committed 49152K, reserved 1114112K
  class space    used 5129K, committed 5632K, reserved 1048576K
}
Event: 21.937 GC heap before
{Heap before GC invocations=33 (full 2):
 PSYoungGen      total 20480K, used 20342K [0x00000000d5580000, 0x00000000d6c80000, 0x0000000100000000)
  eden space 17920K, 100% used [0x00000000d5580000,0x00000000d6700000,0x00000000d6700000)
  from space 2560K, 94% used [0x00000000d6a00000,0x00000000d6c5d800,0x00000000d6c80000)
  to   space 2560K, 0% used [0x00000000d6700000,0x00000000d6700000,0x00000000d6980000)
 ParOldGen       total 68608K, used 45354K [0x0000000080000000, 0x0000000084300000, 0x00000000d5580000)
  object space 68608K, 66% used [0x0000000080000000,0x0000000082c4a8d8,0x0000000084300000)
 Metaspace       used 47921K, committed 49152K, reserved 1114112K
  class space    used 5132K, committed 5632K, reserved 1048576K
}
Event: 21.941 GC heap after
{Heap after GC invocations=33 (full 2):
 PSYoungGen      total 20480K, used 1992K [0x00000000d5580000, 0x00000000d6c00000, 0x0000000100000000)
  eden space 17920K, 0% used [0x00000000d5580000,0x00000000d5580000,0x00000000d6700000)
  from space 2560K, 77% used [0x00000000d6700000,0x00000000d68f20f0,0x00000000d6980000)
  to   space 2560K, 0% used [0x00000000d6980000,0x00000000d6980000,0x00000000d6c00000)
 ParOldGen       total 68608K, used 47353K [0x0000000080000000, 0x0000000084300000, 0x00000000d5580000)
  object space 68608K, 69% used [0x0000000080000000,0x0000000082e3e420,0x0000000084300000)
 Metaspace       used 47921K, committed 49152K, reserved 1114112K
  class space    used 5132K, committed 5632K, reserved 1048576K
}
Event: 21.987 GC heap before
{Heap before GC invocations=34 (full 2):
 PSYoungGen      total 20480K, used 19912K [0x00000000d5580000, 0x00000000d6c00000, 0x0000000100000000)
  eden space 17920K, 100% used [0x00000000d5580000,0x00000000d6700000,0x00000000d6700000)
  from space 2560K, 77% used [0x00000000d6700000,0x00000000d68f20f0,0x00000000d6980000)
  to   space 2560K, 0% used [0x00000000d6980000,0x00000000d6980000,0x00000000d6c00000)
 ParOldGen       total 68608K, used 47353K [0x0000000080000000, 0x0000000084300000, 0x00000000d5580000)
  object space 68608K, 69% used [0x0000000080000000,0x0000000082e3e420,0x0000000084300000)
 Metaspace       used 47931K, committed 49152K, reserved 1114112K
  class space    used 5132K, committed 5632K, reserved 1048576K
}
Event: 21.991 GC heap after
{Heap after GC invocations=34 (full 2):
 PSYoungGen      total 19968K, used 2000K [0x00000000d5580000, 0x00000000d6b80000, 0x0000000100000000)
  eden space 17920K, 0% used [0x00000000d5580000,0x00000000d5580000,0x00000000d6700000)
  from space 2048K, 97% used [0x00000000d6980000,0x00000000d6b74008,0x00000000d6b80000)
  to   space 2048K, 0% used [0x00000000d6780000,0x00000000d6780000,0x00000000d6980000)
 ParOldGen       total 68608K, used 49202K [0x0000000080000000, 0x0000000084300000, 0x00000000d5580000)
  object space 68608K, 71% used [0x0000000080000000,0x000000008300c8e8,0x0000000084300000)
 Metaspace       used 47931K, committed 49152K, reserved 1114112K
  class space    used 5132K, committed 5632K, reserved 1048576K
}
Event: 22.055 GC heap before
{Heap before GC invocations=35 (full 2):
 PSYoungGen      total 19968K, used 19920K [0x00000000d5580000, 0x00000000d6b80000, 0x0000000100000000)
  eden space 17920K, 100% used [0x00000000d5580000,0x00000000d6700000,0x00000000d6700000)
  from space 2048K, 97% used [0x00000000d6980000,0x00000000d6b74008,0x00000000d6b80000)
  to   space 2048K, 0% used [0x00000000d6780000,0x00000000d6780000,0x00000000d6980000)
 ParOldGen       total 68608K, used 49202K [0x0000000080000000, 0x0000000084300000, 0x00000000d5580000)
  object space 68608K, 71% used [0x0000000080000000,0x000000008300c8e8,0x0000000084300000)
 Metaspace       used 47955K, committed 49152K, reserved 1114112K
  class space    used 5132K, committed 5632K, reserved 1048576K
}
Event: 22.059 GC heap after
{Heap after GC invocations=35 (full 2):
 PSYoungGen      total 19968K, used 1852K [0x00000000d5580000, 0x00000000d6b00000, 0x0000000100000000)
  eden space 17920K, 0% used [0x00000000d5580000,0x00000000d5580000,0x00000000d6700000)
  from space 2048K, 90% used [0x00000000d6780000,0x00000000d694f278,0x00000000d6980000)
  to   space 1536K, 0% used [0x00000000d6980000,0x00000000d6980000,0x00000000d6b00000)
 ParOldGen       total 68608K, used 51026K [0x0000000080000000, 0x0000000084300000, 0x00000000d5580000)
  object space 68608K, 74% used [0x0000000080000000,0x00000000831d4b60,0x0000000084300000)
 Metaspace       used 47955K, committed 49152K, reserved 1114112K
  class space    used 5132K, committed 5632K, reserved 1048576K
}

